15:48:24.762 INFO [ActiveSessionFactory.apply] - Capabilities are: {
  "browserName": "chrome"
}
15:48:24.773 INFO [ActiveSessionFactory.lambda$apply$11] - Matched factory org.openqa.selenium.grid.session.remote.ServicedSession$Factory (provider: org.openqa.selenium.chrome.ChromeDriverService)
Starting ChromeDriver 2.43.600210 (68dcf5eebde37173d4027fa8635e332711d2874a) on port 4446
Only local connections are allowed.
[1595067526.542][WARNING]: Timed out connecting to Chrome, retrying...
15:48:48.854 INFO [ProtocolHandshake.createSession] - Detected dialect: OSS
15:48:50.574 INFO [RemoteSession$Factory.lambda$performHandshake$0] - Started new session a53e1bf7ba2297c65df1462e6967503a (org.openqa.selenium.chrome.ChromeDriverService)
[1595067533.286][WARNING]: Timed out connecting to Chrome, retrying...
15:49:36.095 INFO [ActiveSessionFactory.apply] - Capabilities are: {
  "browserName": "chrome"
}
15:49:36.097 INFO [ActiveSessionFactory.lambda$apply$11] - Matched factory org.openqa.selenium.grid.session.remote.ServicedSession$Factory (provider: org.openqa.selenium.chrome.ChromeDriverService)
15:49:36.112 INFO [ActiveSessions$1.onStop] - Removing session a53e1bf7ba2297c65df1462e6967503a (org.openqa.selenium.chrome.ChromeDriverService)
Starting ChromeDriver 2.43.600210 (68dcf5eebde37173d4027fa8635e332711d2874a) on port 40071
Only local connections are allowed.
[1595067592.701][WARNING]: Timed out connecting to Chrome, retrying...
15:49:56.847 INFO [ProtocolHandshake.createSession] - Detected dialect: OSS
15:49:57.360 INFO [RemoteSession$Factory.lambda$performHandshake$0] - Started new session c3371734ebf6f879f5ca4d53615fbced (org.openqa.selenium.chrome.ChromeDriverService)
[1595067599.414][WARNING]: Timed out connecting to Chrome, retrying...
15:51:00.053 INFO [ActiveSessions$1.onStop] - Removing session c3371734ebf6f879f5ca4d53615fbced (org.openqa.selenium.chrome.ChromeDriverService)
15:51:00.421 INFO [ActiveSessionFactory.apply] - Capabilities are: {
  "browserName": "chrome"
}
15:51:00.422 INFO [ActiveSessionFactory.lambda$apply$11] - Matched factory org.openqa.selenium.grid.session.remote.ServicedSession$Factory (provider: org.openqa.selenium.chrome.ChromeDriverService)
Starting ChromeDriver 2.43.600210 (68dcf5eebde37173d4027fa8635e332711d2874a) on port 25121
Only local connections are allowed.
[1595067672.397][WARNING]: Timed out connecting to Chrome, retrying...
15:51:14.446 INFO [ProtocolHandshake.createSession] - Detected dialect: OSS
15:51:14.606 INFO [RemoteSession$Factory.lambda$performHandshake$0] - Started new session e90b26a27e2248d58933fb8754bb6644 (org.openqa.selenium.chrome.ChromeDriverService)
[1595067676.673][WARNING]: Timed out connecting to Chrome, retrying...
15:52:09.677 INFO [ActiveSessions$1.onStop] - Removing session e90b26a27e2248d58933fb8754bb6644 (org.openqa.selenium.chrome.ChromeDriverService)
15:52:09.744 INFO [ActiveSessionFactory.apply] - Capabilities are: {
  "browserName": "chrome"
}
15:52:09.745 INFO [ActiveSessionFactory.lambda$apply$11] - Matched factory org.openqa.selenium.grid.session.remote.ServicedSession$Factory (provider: org.openqa.selenium.chrome.ChromeDriverService)
Starting ChromeDriver 2.43.600210 (68dcf5eebde37173d4027fa8635e332711d2874a) on port 12931
Only local connections are allowed.
[1595067737.423][WARNING]: Timed out connecting to Chrome, retrying...
15:52:19.454 INFO [ProtocolHandshake.createSession] - Detected dialect: OSS
15:52:19.598 INFO [RemoteSession$Factory.lambda$performHandshake$0] - Started new session ebb860345a5f2d8ff2a9fcb4ba24f421 (org.openqa.selenium.chrome.ChromeDriverService)
[1595067741.669][WARNING]: Timed out connecting to Chrome, retrying...
15:53:27.213 INFO [ActiveSessions$1.onStop] - Removing session ebb860345a5f2d8ff2a9fcb4ba24f421 (org.openqa.selenium.chrome.ChromeDriverService)
